<?xml version="1.0" encoding="UTF-8"?>
<!-- Generated by org.testng.reporters.JUnitXMLReporter -->
<testsuite ignored="0" hostname="konduris-MacBook-Air.local" failures="0" tests="3" name="AndroidDevice1" time="39.021" errors="0" timestamp="2025-07-09T12:35:23 IST">
  <testcase classname="org.generalStore.testCases.android.TestCase1" name="FillForm" time="3.584">
    <skipped/>
  </testcase> <!-- FillForm -->
  <testcase classname="org.generalStore.testCases.android.TestCase1" name="FillForm" time="13.553"/>
  <testcase classname="org.generalStore.testCases.android.TestCase1" name="FillForm" time="13.488"/>
</testsuite> <!-- AndroidDevice1 -->
