<?xml version="1.0" encoding="UTF-8"?>
<!-- Generated by org.testng.reporters.JUnitXMLReporter -->
<testsuite ignored="0" hostname="konduris-MacBook-Air.local" failures="0" tests="3" name="AndroidRegression" time="24.777" errors="0" timestamp="2025-07-19T16:19:45 IST">
  <testcase classname="org.mydemo.android.testCases.TestCase2" name="sampleTest1" time="4.654"/>
  <testcase classname="org.mydemo.android.testCases.TestCase1" name="sampleTest1" time="5.233"/>
  <testcase classname="org.mydemo.android.testCases.TestCase3" name="sampleTest1" time="4.484"/>
</testsuite> <!-- AndroidRegression -->
