<?xml version="1.0" encoding="UTF-8"?>
<!-- Generated by org.testng.reporters.JUnitXMLReporter -->
<testsuite ignored="1" hostname="konduris-MacBook-Air.local" failures="0" tests="1" name="AndroidE2E" time="0.025" errors="0" timestamp="2025-07-14T08:06:43 IST">
  <testcase classname="org.mydemo.driver.AndroidBaseTest" name="@BeforeMethod preSetup" time="0.006">
    <failure type="java.lang.NullPointerException" message="The provided search context cannot be null">
      <![CDATA[java.lang.NullPointerException: The provided search context cannot be null
at com.google.common.base.Preconditions.checkNotNull(Preconditions.java:920)
at io.appium.java_client.pagefactory.AppiumFieldDecorator.requireWebDriverReference(AppiumFieldDecorator.java:129)
at io.appium.java_client.pagefactory.AppiumFieldDecorator.<init>(AppiumFieldDecorator.java:86)
at io.appium.java_client.pagefactory.AppiumFieldDecorator.<init>(AppiumFieldDecorator.java:100)
at org.mydemo.android.pageObjects.FormPage.<init>(FormPage.java:21)
at org.mydemo.driver.AndroidBaseTest.preSetup(AndroidBaseTest.java:20)
at java.base/java.util.ArrayList.forEach(ArrayList.java:1604)
at java.base/java.util.concurrent.FutureTask.run(FutureTask.java:328)
at java.base/java.util.concurrent.ThreadPoolExecutor.runWorker(ThreadPoolExecutor.java:1095)
at java.base/java.util.concurrent.ThreadPoolExecutor$Worker.run(ThreadPoolExecutor.java:619)
at java.base/java.lang.Thread.run(Thread.java:1447)
... Removed 19 stack frames]]>
    </failure>
  </testcase> <!-- @BeforeMethod preSetup -->
  <testcase classname="org.mydemo.android.testCases.TestCase2" name="FillForm_PositiveFlow" time="0.0">
    <skipped/>
  </testcase> <!-- FillForm_PositiveFlow -->
  <testcase classname="org.mydemo.android.testCases.TestCase1" name="FillForm" time="0.0">
    <ignored/>
  </testcase> <!-- FillForm -->
</testsuite> <!-- AndroidE2E -->
