<?xml version="1.0" encoding="UTF-8"?>
<testng-results ignored="0" total="2" passed="2" failed="0" skipped="0">
  <reporter-output>
  </reporter-output>
  <suite started-at="2025-07-19T19:07:20 IST" name="IOSSuite" finished-at="2025-07-19T19:07:42 IST" duration-ms="22405">
    <groups>
      <group name="regression">
        <method signature="TestCase1.sampleTest1()[pri:0, instance:org.mydemo.ios.testCases.TestCase1@3f6f6701]" name="sampleTest1" class="org.mydemo.ios.testCases.TestCase1"/>
        <method signature="TestCase2.sampleTest1()[pri:0, instance:org.mydemo.ios.testCases.TestCase2@272113c4]" name="sampleTest1" class="org.mydemo.ios.testCases.TestCase2"/>
      </group> <!-- regression -->
      <group name="smoke">
        <method signature="TestCase2.sampleTest1()[pri:0, instance:org.mydemo.ios.testCases.TestCase2@272113c4]" name="sampleTest1" class="org.mydemo.ios.testCases.TestCase2"/>
      </group> <!-- smoke -->
      <group name="E2E">
        <method signature="TestCase1.sampleTest1()[pri:0, instance:org.mydemo.ios.testCases.TestCase1@3f6f6701]" name="sampleTest1" class="org.mydemo.ios.testCases.TestCase1"/>
      </group> <!-- E2E -->
    </groups>
    <test started-at="2025-07-19T19:07:20 IST" name="IOSRegression" finished-at="2025-07-19T19:07:42 IST" duration-ms="22405">
      <class name="org.mydemo.ios.testCases.TestCase1">
        <test-method is-config="true" signature="getDriver(java.lang.String)[pri:0, instance:org.mydemo.ios.testCases.TestCase1@3f6f6701]" started-at="2025-07-19T19:07:32 IST" name="getDriver" finished-at="2025-07-19T19:07:37 IST" duration-ms="4917" status="PASS">
          <params>
            <param index="0">
              <value>
                <![CDATA[IOS]]>
              </value>
            </param>
          </params>
          <reporter-output>
          </reporter-output>
        </test-method> <!-- getDriver -->
        <test-method signature="sampleTest1()[pri:0, instance:org.mydemo.ios.testCases.TestCase1@3f6f6701]" started-at="2025-07-19T19:07:37 IST" name="sampleTest1" finished-at="2025-07-19T19:07:41 IST" duration-ms="3891" status="PASS">
          <reporter-output>
          </reporter-output>
        </test-method> <!-- sampleTest1 -->
        <test-method is-config="true" signature="preSetup()[pri:0, instance:org.mydemo.ios.testCases.TestCase1@3f6f6701]" started-at="2025-07-19T19:07:37 IST" name="preSetup" finished-at="2025-07-19T19:07:37 IST" duration-ms="0" status="PASS">
          <reporter-output>
          </reporter-output>
        </test-method> <!-- preSetup -->
        <test-method is-config="true" signature="tearDown()[pri:0, instance:org.mydemo.ios.testCases.TestCase1@3f6f6701]" started-at="2025-07-19T19:07:41 IST" name="tearDown" finished-at="2025-07-19T19:07:42 IST" duration-ms="1037" status="PASS">
          <reporter-output>
          </reporter-output>
        </test-method> <!-- tearDown -->
      </class> <!-- org.mydemo.ios.testCases.TestCase1 -->
      <class name="org.mydemo.ios.testCases.TestCase2">
        <test-method is-config="true" signature="getDriver(java.lang.String)[pri:0, instance:org.mydemo.ios.testCases.TestCase2@272113c4]" started-at="2025-07-19T19:07:20 IST" name="getDriver" finished-at="2025-07-19T19:07:27 IST" duration-ms="7494" status="PASS">
          <params>
            <param index="0">
              <value>
                <![CDATA[IOS]]>
              </value>
            </param>
          </params>
          <reporter-output>
          </reporter-output>
        </test-method> <!-- getDriver -->
        <test-method is-config="true" signature="preSetup()[pri:0, instance:org.mydemo.ios.testCases.TestCase2@272113c4]" started-at="2025-07-19T19:07:27 IST" name="preSetup" finished-at="2025-07-19T19:07:27 IST" duration-ms="1" status="PASS">
          <reporter-output>
          </reporter-output>
        </test-method> <!-- preSetup -->
        <test-method signature="sampleTest1()[pri:0, instance:org.mydemo.ios.testCases.TestCase2@272113c4]" started-at="2025-07-19T19:07:27 IST" name="sampleTest1" finished-at="2025-07-19T19:07:31 IST" duration-ms="3958" status="PASS">
          <reporter-output>
          </reporter-output>
        </test-method> <!-- sampleTest1 -->
        <test-method is-config="true" signature="tearDown()[pri:0, instance:org.mydemo.ios.testCases.TestCase2@272113c4]" started-at="2025-07-19T19:07:31 IST" name="tearDown" finished-at="2025-07-19T19:07:32 IST" duration-ms="1066" status="PASS">
          <reporter-output>
          </reporter-output>
        </test-method> <!-- tearDown -->
      </class> <!-- org.mydemo.ios.testCases.TestCase2 -->
    </test> <!-- IOSRegression -->
  </suite> <!-- IOSSuite -->
</testng-results>
